{"C:\\Users\\Omistaja\\Documents\\oma\\Coding\\projects\\repeat\\App.js": {"path":"C:\\Users\\Omistaja\\Documents\\oma\\Coding\\projects\\repeat\\App.js","statementMap":{"0":{"start":{"line":14,"column":14},"end":{"line":14,"column":42}},"1":{"start":{"line":15,"column":17},"end":{"line":20,"column":4}},"2":{"start":{"line":15,"column":23},"end":{"line":20,"column":4}},"3":{"start":{"line":25,"column":2},"end":{"line":25,"column":54}},"4":{"start":{"line":27,"column":36},"end":{"line":27,"column":48}},"5":{"start":{"line":28,"column":28},"end":{"line":28,"column":40}},"6":{"start":{"line":29,"column":26},"end":{"line":29,"column":38}},"7":{"start":{"line":30,"column":36},"end":{"line":30,"column":48}},"8":{"start":{"line":31,"column":36},"end":{"line":31,"column":51}},"9":{"start":{"line":32,"column":36},"end":{"line":32,"column":51}},"10":{"start":{"line":33,"column":40},"end":{"line":33,"column":52}},"11":{"start":{"line":34,"column":40},"end":{"line":34,"column":55}},"12":{"start":{"line":36,"column":22},"end":{"line":45,"column":3}},"13":{"start":{"line":47,"column":23},"end":{"line":53,"column":3}},"14":{"start":{"line":48,"column":4},"end":{"line":52,"column":44}},"15":{"start":{"line":49,"column":6},"end":{"line":51,"column":7}},"16":{"start":{"line":50,"column":8},"end":{"line":50,"column":38}},"17":{"start":{"line":52,"column":24},"end":{"line":52,"column":42}},"18":{"start":{"line":55,"column":2},"end":{"line":57,"column":9}},"19":{"start":{"line":56,"column":4},"end":{"line":56,"column":19}},"20":{"start":{"line":60,"column":2},"end":{"line":82,"column":1}},"21":{"start":{"line":62,"column":2},"end":{"line":73,"column":4}},"22":{"start":{"line":66,"column":20},"end":{"line":66,"column":67}},"23":{"start":{"line":69,"column":20},"end":{"line":69,"column":74}},"24":{"start":{"line":75,"column":2},"end":{"line":81,"column":3}},"25":{"start":{"line":78,"column":19},"end":{"line":78,"column":39}},"26":{"start":{"line":79,"column":22},"end":{"line":79,"column":38}}},"fnMap":{"0":{"name":"(anonymous_0)","decl":{"start":{"line":15,"column":17},"end":{"line":15,"column":18}},"loc":{"start":{"line":15,"column":23},"end":{"line":20,"column":4}},"line":15},"1":{"name":"App","decl":{"start":{"line":23,"column":24},"end":{"line":23,"column":27}},"loc":{"start":{"line":23,"column":30},"end":{"line":83,"column":1}},"line":23},"2":{"name":"(anonymous_2)","decl":{"start":{"line":47,"column":23},"end":{"line":47,"column":24}},"loc":{"start":{"line":47,"column":29},"end":{"line":53,"column":3}},"line":47},"3":{"name":"(anonymous_3)","decl":{"start":{"line":48,"column":40},"end":{"line":48,"column":41}},"loc":{"start":{"line":48,"column":48},"end":{"line":52,"column":5}},"line":48},"4":{"name":"(anonymous_4)","decl":{"start":{"line":52,"column":13},"end":{"line":52,"column":14}},"loc":{"start":{"line":52,"column":24},"end":{"line":52,"column":42}},"line":52},"5":{"name":"(anonymous_5)","decl":{"start":{"line":55,"column":13},"end":{"line":55,"column":14}},"loc":{"start":{"line":55,"column":19},"end":{"line":57,"column":3}},"line":55},"6":{"name":"(anonymous_6)","decl":{"start":{"line":66,"column":11},"end":{"line":66,"column":12}},"loc":{"start":{"line":66,"column":20},"end":{"line":66,"column":67}},"line":66},"7":{"name":"(anonymous_7)","decl":{"start":{"line":69,"column":11},"end":{"line":69,"column":12}},"loc":{"start":{"line":69,"column":20},"end":{"line":69,"column":74}},"line":69},"8":{"name":"(anonymous_8)","decl":{"start":{"line":78,"column":14},"end":{"line":78,"column":15}},"loc":{"start":{"line":78,"column":19},"end":{"line":78,"column":39}},"line":78},"9":{"name":"(anonymous_9)","decl":{"start":{"line":79,"column":13},"end":{"line":79,"column":14}},"loc":{"start":{"line":79,"column":22},"end":{"line":79,"column":38}},"line":79}},"branchMap":{"0":{"loc":{"start":{"line":49,"column":6},"end":{"line":51,"column":7}},"type":"if","locations":[{"start":{"line":49,"column":6},"end":{"line":51,"column":7}},{"start":{},"end":{}}],"line":49},"1":{"loc":{"start":{"line":60,"column":2},"end":{"line":82,"column":1}},"type":"if","locations":[{"start":{"line":60,"column":2},"end":{"line":82,"column":1}},{"start":{"line":74,"column":7},"end":{"line":82,"column":1}}],"line":60}},"s":{"0":1,"1":1,"2":1,"3":1,"4":1,"5":1,"6":1,"7":1,"8":1,"9":1,"10":1,"11":1,"12":1,"13":1,"14":1,"15":0,"16":0,"17":0,"18":1,"19":1,"20":1,"21":0,"22":0,"23":0,"24":1,"25":0,"26":0},"f":{"0":1,"1":1,"2":1,"3":0,"4":0,"5":1,"6":0,"7":0,"8":0,"9":0},"b":{"0":[0,0],"1":[0,1]},"_coverageSchema":"1a1c01bbd47fc00a2c39e90264f33305004495a9","hash":"e1b23076523db8ced21d1ac0af82d105234b1035"}
,"C:\\Users\\Omistaja\\Documents\\oma\\Coding\\projects\\repeat\\assets\\Fonts\\Amaranth\\Amaranth-Regular.ttf": {"path":"C:\\Users\\Omistaja\\Documents\\oma\\Coding\\projects\\repeat\\assets\\Fonts\\Amaranth\\Amaranth-Regular.ttf","statementMap":{"0":{"start":{"line":1,"column":0},"end":{"line":1,"column":19}}},"fnMap":{},"branchMap":{},"s":{"0":1},"f":{},"b":{},"_coverageSchema":"1a1c01bbd47fc00a2c39e90264f33305004495a9","hash":"548a070c8291165a92736cd83d69a1477c7669d9"}
,"C:\\Users\\Omistaja\\Documents\\oma\\Coding\\projects\\repeat\\assets\\Fonts\\Anton\\Anton-Regular.ttf": {"path":"C:\\Users\\Omistaja\\Documents\\oma\\Coding\\projects\\repeat\\assets\\Fonts\\Anton\\Anton-Regular.ttf","statementMap":{"0":{"start":{"line":1,"column":0},"end":{"line":1,"column":19}}},"fnMap":{},"branchMap":{},"s":{"0":1},"f":{},"b":{},"_coverageSchema":"1a1c01bbd47fc00a2c39e90264f33305004495a9","hash":"4e018642b78d7729eadbf9c9ddb0e07be7f586e4"}
,"C:\\Users\\Omistaja\\Documents\\oma\\Coding\\projects\\repeat\\assets\\Fonts\\Inter\\Inter-Regular.ttf": {"path":"C:\\Users\\Omistaja\\Documents\\oma\\Coding\\projects\\repeat\\assets\\Fonts\\Inter\\Inter-Regular.ttf","statementMap":{"0":{"start":{"line":1,"column":0},"end":{"line":1,"column":19}}},"fnMap":{},"branchMap":{},"s":{"0":1},"f":{},"b":{},"_coverageSchema":"1a1c01bbd47fc00a2c39e90264f33305004495a9","hash":"066bf0b47fcb65c1b465853f84364262b814fa1b"}
,"C:\\Users\\Omistaja\\Documents\\oma\\Coding\\projects\\repeat\\assets\\Fonts\\Shrikhand\\Shrikhand-Regular.ttf": {"path":"C:\\Users\\Omistaja\\Documents\\oma\\Coding\\projects\\repeat\\assets\\Fonts\\Shrikhand\\Shrikhand-Regular.ttf","statementMap":{"0":{"start":{"line":1,"column":0},"end":{"line":1,"column":19}}},"fnMap":{},"branchMap":{},"s":{"0":1},"f":{},"b":{},"_coverageSchema":"1a1c01bbd47fc00a2c39e90264f33305004495a9","hash":"4481f1e28f41c12e97a0a1580bbd2d7af1d77f39"}
,"C:\\Users\\Omistaja\\Documents\\oma\\Coding\\projects\\repeat\\assets\\Images\\logo.png": {"path":"C:\\Users\\Omistaja\\Documents\\oma\\Coding\\projects\\repeat\\assets\\Images\\logo.png","statementMap":{"0":{"start":{"line":1,"column":0},"end":{"line":1,"column":19}}},"fnMap":{},"branchMap":{},"s":{"0":1},"f":{},"b":{},"_coverageSchema":"1a1c01bbd47fc00a2c39e90264f33305004495a9","hash":"e94700ce7c60676fccee3698e94a1fe7c020201f"}
,"C:\\Users\\Omistaja\\Documents\\oma\\Coding\\projects\\repeat\\src\\components\\Footer.js": {"path":"C:\\Users\\Omistaja\\Documents\\oma\\Coding\\projects\\repeat\\src\\components\\Footer.js","statementMap":{"0":{"start":{"line":5,"column":4},"end":{"line":14,"column":5}},"1":{"start":{"line":12,"column":33},"end":{"line":12,"column":60}},"2":{"start":{"line":17,"column":15},"end":{"line":34,"column":2}}},"fnMap":{"0":{"name":"Footer","decl":{"start":{"line":4,"column":24},"end":{"line":4,"column":30}},"loc":{"start":{"line":4,"column":47},"end":{"line":15,"column":1}},"line":4},"1":{"name":"(anonymous_1)","decl":{"start":{"line":12,"column":26},"end":{"line":12,"column":27}},"loc":{"start":{"line":12,"column":33},"end":{"line":12,"column":60}},"line":12}},"branchMap":{},"s":{"0":2,"1":1,"2":1},"f":{"0":2,"1":1},"b":{},"_coverageSchema":"1a1c01bbd47fc00a2c39e90264f33305004495a9","hash":"39e5c276393389f584a9315f5405ae00cad47061"}
,"C:\\Users\\Omistaja\\Documents\\oma\\Coding\\projects\\repeat\\src\\components\\HabitList.js": {"path":"C:\\Users\\Omistaja\\Documents\\oma\\Coding\\projects\\repeat\\src\\components\\HabitList.js","statementMap":{"0":{"start":{"line":10,"column":55},"end":{"line":10,"column":66}},"1":{"start":{"line":13,"column":8},"end":{"line":31,"column":9}},"2":{"start":{"line":13,"column":20},"end":{"line":13,"column":21}},"3":{"start":{"line":14,"column":28},"end":{"line":14,"column":40}},"4":{"start":{"line":15,"column":30},"end":{"line":15,"column":43}},"5":{"start":{"line":16,"column":31},"end":{"line":16,"column":41}},"6":{"start":{"line":17,"column":29},"end":{"line":17,"column":57}},"7":{"start":{"line":18,"column":27},"end":{"line":18,"column":46}},"8":{"start":{"line":19,"column":30},"end":{"line":19,"column":61}},"9":{"start":{"line":20,"column":31},"end":{"line":20,"column":63}},"10":{"start":{"line":21,"column":12},"end":{"line":29,"column":13}},"11":{"start":{"line":22,"column":16},"end":{"line":24,"column":17}},"12":{"start":{"line":23,"column":20},"end":{"line":23,"column":45}},"13":{"start":{"line":25,"column":16},"end":{"line":25,"column":42}},"14":{"start":{"line":26,"column":16},"end":{"line":26,"column":32}},"15":{"start":{"line":27,"column":16},"end":{"line":27,"column":39}},"16":{"start":{"line":28,"column":16},"end":{"line":28,"column":45}},"17":{"start":{"line":30,"column":12},"end":{"line":30,"column":70}},"18":{"start":{"line":34,"column":4},"end":{"line":36,"column":10}},"19":{"start":{"line":35,"column":4},"end":{"line":35,"column":25}},"20":{"start":{"line":39,"column":25},"end":{"line":46,"column":5}},"21":{"start":{"line":40,"column":22},"end":{"line":40,"column":45}},"22":{"start":{"line":41,"column":8},"end":{"line":41,"column":35}},"23":{"start":{"line":42,"column":26},"end":{"line":42,"column":40}},"24":{"start":{"line":43,"column":8},"end":{"line":45,"column":10}},"25":{"start":{"line":44,"column":8},"end":{"line":44,"column":32}},"26":{"start":{"line":48,"column":24},"end":{"line":64,"column":5}},"27":{"start":{"line":49,"column":21},"end":{"line":49,"column":40}},"28":{"start":{"line":50,"column":22},"end":{"line":50,"column":42}},"29":{"start":{"line":51,"column":25},"end":{"line":51,"column":47}},"30":{"start":{"line":52,"column":8},"end":{"line":62,"column":9}},"31":{"start":{"line":53,"column":12},"end":{"line":53,"column":34}},"32":{"start":{"line":54,"column":12},"end":{"line":54,"column":33}},"33":{"start":{"line":55,"column":12},"end":{"line":55,"column":28}},"34":{"start":{"line":56,"column":12},"end":{"line":56,"column":41}},"35":{"start":{"line":58,"column":13},"end":{"line":62,"column":9}},"36":{"start":{"line":59,"column":8},"end":{"line":59,"column":31}},"37":{"start":{"line":60,"column":8},"end":{"line":60,"column":24}},"38":{"start":{"line":61,"column":8},"end":{"line":61,"column":37}},"39":{"start":{"line":63,"column":8},"end":{"line":63,"column":66}},"40":{"start":{"line":66,"column":23},"end":{"line":89,"column":5}},"41":{"start":{"line":67,"column":8},"end":{"line":88,"column":9}},"42":{"start":{"line":71,"column":31},"end":{"line":71,"column":54}},"43":{"start":{"line":80,"column":70},"end":{"line":80,"column":87}},"44":{"start":{"line":83,"column":49},"end":{"line":83,"column":67}},"45":{"start":{"line":91,"column":30},"end":{"line":94,"column":5}},"46":{"start":{"line":92,"column":8},"end":{"line":92,"column":29}},"47":{"start":{"line":93,"column":8},"end":{"line":93,"column":43}},"48":{"start":{"line":96,"column":4},"end":{"line":102,"column":5}},"49":{"start":{"line":100,"column":42},"end":{"line":100,"column":49}},"50":{"start":{"line":105,"column":15},"end":{"line":158,"column":2}}},"fnMap":{"0":{"name":"HabitList","decl":{"start":{"line":9,"column":24},"end":{"line":9,"column":33}},"loc":{"start":{"line":9,"column":64},"end":{"line":103,"column":1}},"line":9},"1":{"name":"dateCheck","decl":{"start":{"line":12,"column":12},"end":{"line":12,"column":21}},"loc":{"start":{"line":12,"column":34},"end":{"line":32,"column":5}},"line":12},"2":{"name":"(anonymous_2)","decl":{"start":{"line":34,"column":14},"end":{"line":34,"column":15}},"loc":{"start":{"line":34,"column":20},"end":{"line":36,"column":5}},"line":34},"3":{"name":"(anonymous_3)","decl":{"start":{"line":39,"column":25},"end":{"line":39,"column":26}},"loc":{"start":{"line":39,"column":35},"end":{"line":46,"column":5}},"line":39},"4":{"name":"(anonymous_4)","decl":{"start":{"line":43,"column":71},"end":{"line":43,"column":72}},"loc":{"start":{"line":43,"column":77},"end":{"line":45,"column":9}},"line":43},"5":{"name":"(anonymous_5)","decl":{"start":{"line":48,"column":24},"end":{"line":48,"column":25}},"loc":{"start":{"line":48,"column":34},"end":{"line":64,"column":5}},"line":48},"6":{"name":"(anonymous_6)","decl":{"start":{"line":66,"column":23},"end":{"line":66,"column":24}},"loc":{"start":{"line":66,"column":36},"end":{"line":89,"column":5}},"line":66},"7":{"name":"(anonymous_7)","decl":{"start":{"line":71,"column":25},"end":{"line":71,"column":26}},"loc":{"start":{"line":71,"column":31},"end":{"line":71,"column":54}},"line":71},"8":{"name":"(anonymous_8)","decl":{"start":{"line":80,"column":64},"end":{"line":80,"column":65}},"loc":{"start":{"line":80,"column":70},"end":{"line":80,"column":87}},"line":80},"9":{"name":"(anonymous_9)","decl":{"start":{"line":83,"column":43},"end":{"line":83,"column":44}},"loc":{"start":{"line":83,"column":49},"end":{"line":83,"column":67}},"line":83},"10":{"name":"(anonymous_10)","decl":{"start":{"line":91,"column":30},"end":{"line":91,"column":31}},"loc":{"start":{"line":91,"column":40},"end":{"line":94,"column":5}},"line":91},"11":{"name":"(anonymous_11)","decl":{"start":{"line":100,"column":34},"end":{"line":100,"column":35}},"loc":{"start":{"line":100,"column":42},"end":{"line":100,"column":49}},"line":100}},"branchMap":{"0":{"loc":{"start":{"line":21,"column":12},"end":{"line":29,"column":13}},"type":"if","locations":[{"start":{"line":21,"column":12},"end":{"line":29,"column":13}},{"start":{},"end":{}}],"line":21},"1":{"loc":{"start":{"line":21,"column":15},"end":{"line":21,"column":164}},"type":"binary-expr","locations":[{"start":{"line":21,"column":15},"end":{"line":21,"column":40}},{"start":{"line":21,"column":44},"end":{"line":21,"column":61}},{"start":{"line":21,"column":65},"end":{"line":21,"column":91}},{"start":{"line":21,"column":95},"end":{"line":21,"column":112}},{"start":{"line":21,"column":116},"end":{"line":21,"column":142}},{"start":{"line":21,"column":146},"end":{"line":21,"column":164}}],"line":21},"2":{"loc":{"start":{"line":22,"column":16},"end":{"line":24,"column":17}},"type":"if","locations":[{"start":{"line":22,"column":16},"end":{"line":24,"column":17}},{"start":{},"end":{}}],"line":22},"3":{"loc":{"start":{"line":52,"column":8},"end":{"line":62,"column":9}},"type":"if","locations":[{"start":{"line":52,"column":8},"end":{"line":62,"column":9}},{"start":{"line":58,"column":13},"end":{"line":62,"column":9}}],"line":52},"4":{"loc":{"start":{"line":58,"column":13},"end":{"line":62,"column":9}},"type":"if","locations":[{"start":{"line":58,"column":13},"end":{"line":62,"column":9}},{"start":{},"end":{}}],"line":58},"5":{"loc":{"start":{"line":75,"column":17},"end":{"line":77,"column":104}},"type":"cond-expr","locations":[{"start":{"line":76,"column":16},"end":{"line":76,"column":64}},{"start":{"line":77,"column":18},"end":{"line":77,"column":104}}],"line":75}},"s":{"0":1,"1":0,"2":0,"3":0,"4":0,"5":0,"6":0,"7":0,"8":0,"9":0,"10":0,"11":0,"12":0,"13":0,"14":0,"15":0,"16":0,"17":0,"18":0,"19":0,"20":0,"21":0,"22":0,"23":0,"24":0,"25":0,"26":0,"27":0,"28":0,"29":0,"30":0,"31":0,"32":0,"33":0,"34":0,"35":0,"36":0,"37":0,"38":0,"39":0,"40":0,"41":0,"42":0,"43":0,"44":0,"45":0,"46":0,"47":0,"48":0,"49":0,"50":1},"f":{"0":1,"1":0,"2":0,"3":0,"4":0,"5":0,"6":0,"7":0,"8":0,"9":0,"10":0,"11":0},"b":{"0":[0,0],"1":[0,0,0,0,0,0],"2":[0,0],"3":[0,0],"4":[0,0],"5":[0,0]},"_coverageSchema":"1a1c01bbd47fc00a2c39e90264f33305004495a9","hash":"75ddc5128cc09f644284d68588c1b61a3704d1c8"}
,"C:\\Users\\Omistaja\\Documents\\oma\\Coding\\projects\\repeat\\src\\components\\Habitform.js": {"path":"C:\\Users\\Omistaja\\Documents\\oma\\Coding\\projects\\repeat\\src\\components\\Habitform.js","statementMap":{"0":{"start":{"line":14,"column":12},"end":{"line":14,"column":23}},"1":{"start":{"line":15,"column":18},"end":{"line":15,"column":53}},"2":{"start":{"line":16,"column":16},"end":{"line":16,"column":40}},"3":{"start":{"line":17,"column":24},"end":{"line":17,"column":32}},"4":{"start":{"line":18,"column":40},"end":{"line":18,"column":52}},"5":{"start":{"line":20,"column":25},"end":{"line":23,"column":5}},"6":{"start":{"line":21,"column":8},"end":{"line":21,"column":24}},"7":{"start":{"line":22,"column":8},"end":{"line":22,"column":26}},"8":{"start":{"line":25,"column":28},"end":{"line":57,"column":5}},"9":{"start":{"line":26,"column":19},"end":{"line":26,"column":28}},"10":{"start":{"line":27,"column":24},"end":{"line":27,"column":34}},"11":{"start":{"line":28,"column":22},"end":{"line":28,"column":37}},"12":{"start":{"line":29,"column":22},"end":{"line":29,"column":39}},"13":{"start":{"line":30,"column":8},"end":{"line":56,"column":9}},"14":{"start":{"line":31,"column":30},"end":{"line":40,"column":14}},"15":{"start":{"line":41,"column":12},"end":{"line":49,"column":15}},"16":{"start":{"line":42,"column":16},"end":{"line":42,"column":40}},"17":{"start":{"line":43,"column":16},"end":{"line":43,"column":29}},"18":{"start":{"line":44,"column":16},"end":{"line":44,"column":28}},"19":{"start":{"line":45,"column":16},"end":{"line":45,"column":32}},"20":{"start":{"line":46,"column":16},"end":{"line":46,"column":44}},"21":{"start":{"line":47,"column":16},"end":{"line":47,"column":41}},"22":{"start":{"line":48,"column":16},"end":{"line":48,"column":34}},"23":{"start":{"line":50,"column":15},"end":{"line":56,"column":9}},"24":{"start":{"line":51,"column":12},"end":{"line":51,"column":37}},"25":{"start":{"line":52,"column":15},"end":{"line":56,"column":9}},"26":{"start":{"line":53,"column":12},"end":{"line":53,"column":64}},"27":{"start":{"line":55,"column":12},"end":{"line":55,"column":58}},"28":{"start":{"line":59,"column":4},"end":{"line":100,"column":5}},"29":{"start":{"line":78,"column":28},"end":{"line":78,"column":50}},"30":{"start":{"line":81,"column":28},"end":{"line":81,"column":127}},"31":{"start":{"line":89,"column":54},"end":{"line":89,"column":81}},"32":{"start":{"line":91,"column":28},"end":{"line":91,"column":127}},"33":{"start":{"line":102,"column":15},"end":{"line":149,"column":2}}},"fnMap":{"0":{"name":"Habitform","decl":{"start":{"line":9,"column":24},"end":{"line":9,"column":33}},"loc":{"start":{"line":9,"column":77},"end":{"line":101,"column":1}},"line":9},"1":{"name":"(anonymous_1)","decl":{"start":{"line":20,"column":25},"end":{"line":20,"column":26}},"loc":{"start":{"line":20,"column":36},"end":{"line":23,"column":5}},"line":20},"2":{"name":"(anonymous_2)","decl":{"start":{"line":25,"column":28},"end":{"line":25,"column":29}},"loc":{"start":{"line":25,"column":40},"end":{"line":57,"column":5}},"line":25},"3":{"name":"(anonymous_3)","decl":{"start":{"line":41,"column":75},"end":{"line":41,"column":76}},"loc":{"start":{"line":41,"column":81},"end":{"line":49,"column":13}},"line":41},"4":{"name":"(anonymous_4)","decl":{"start":{"line":77,"column":34},"end":{"line":77,"column":35}},"loc":{"start":{"line":77,"column":52},"end":{"line":79,"column":25}},"line":77},"5":{"name":"(anonymous_5)","decl":{"start":{"line":80,"column":44},"end":{"line":80,"column":45}},"loc":{"start":{"line":80,"column":56},"end":{"line":82,"column":25}},"line":80},"6":{"name":"(anonymous_6)","decl":{"start":{"line":89,"column":34},"end":{"line":89,"column":35}},"loc":{"start":{"line":89,"column":52},"end":{"line":89,"column":83}},"line":89},"7":{"name":"(anonymous_7)","decl":{"start":{"line":90,"column":44},"end":{"line":90,"column":45}},"loc":{"start":{"line":90,"column":56},"end":{"line":92,"column":25}},"line":90}},"branchMap":{"0":{"loc":{"start":{"line":30,"column":8},"end":{"line":56,"column":9}},"type":"if","locations":[{"start":{"line":30,"column":8},"end":{"line":56,"column":9}},{"start":{"line":50,"column":15},"end":{"line":56,"column":9}}],"line":30},"1":{"loc":{"start":{"line":30,"column":11},"end":{"line":30,"column":53}},"type":"binary-expr","locations":[{"start":{"line":30,"column":11},"end":{"line":30,"column":18}},{"start":{"line":30,"column":22},"end":{"line":30,"column":33}},{"start":{"line":30,"column":37},"end":{"line":30,"column":53}}],"line":30},"2":{"loc":{"start":{"line":50,"column":15},"end":{"line":56,"column":9}},"type":"if","locations":[{"start":{"line":50,"column":15},"end":{"line":56,"column":9}},{"start":{"line":52,"column":15},"end":{"line":56,"column":9}}],"line":50},"3":{"loc":{"start":{"line":50,"column":19},"end":{"line":50,"column":46}},"type":"binary-expr","locations":[{"start":{"line":50,"column":19},"end":{"line":50,"column":31}},{"start":{"line":50,"column":35},"end":{"line":50,"column":46}}],"line":50},"4":{"loc":{"start":{"line":52,"column":15},"end":{"line":56,"column":9}},"type":"if","locations":[{"start":{"line":52,"column":15},"end":{"line":56,"column":9}},{"start":{"line":54,"column":15},"end":{"line":56,"column":9}}],"line":52},"5":{"loc":{"start":{"line":52,"column":19},"end":{"line":52,"column":43}},"type":"binary-expr","locations":[{"start":{"line":52,"column":19},"end":{"line":52,"column":31}},{"start":{"line":52,"column":35},"end":{"line":52,"column":43}}],"line":52},"6":{"loc":{"start":{"line":81,"column":54},"end":{"line":81,"column":94}},"type":"cond-expr","locations":[{"start":{"line":81,"column":65},"end":{"line":81,"column":77}},{"start":{"line":81,"column":80},"end":{"line":81,"column":94}}],"line":81},"7":{"loc":{"start":{"line":91,"column":54},"end":{"line":91,"column":94}},"type":"cond-expr","locations":[{"start":{"line":91,"column":65},"end":{"line":91,"column":77}},{"start":{"line":91,"column":80},"end":{"line":91,"column":94}}],"line":91}},"s":{"0":0,"1":0,"2":0,"3":0,"4":0,"5":0,"6":0,"7":0,"8":0,"9":0,"10":0,"11":0,"12":0,"13":0,"14":0,"15":0,"16":0,"17":0,"18":0,"19":0,"20":0,"21":0,"22":0,"23":0,"24":0,"25":0,"26":0,"27":0,"28":0,"29":0,"30":0,"31":0,"32":0,"33":1},"f":{"0":0,"1":0,"2":0,"3":0,"4":0,"5":0,"6":0,"7":0},"b":{"0":[0,0],"1":[0,0,0],"2":[0,0],"3":[0,0],"4":[0,0],"5":[0,0],"6":[0,0],"7":[0,0]},"_coverageSchema":"1a1c01bbd47fc00a2c39e90264f33305004495a9","hash":"320b324c51365b902eb40251998de90a2de591a2"}
,"C:\\Users\\Omistaja\\Documents\\oma\\Coding\\projects\\repeat\\src\\components\\Header.js": {"path":"C:\\Users\\Omistaja\\Documents\\oma\\Coding\\projects\\repeat\\src\\components\\Header.js","statementMap":{"0":{"start":{"line":5,"column":4},"end":{"line":10,"column":5}},"1":{"start":{"line":13,"column":15},"end":{"line":48,"column":2}}},"fnMap":{"0":{"name":"Header","decl":{"start":{"line":4,"column":24},"end":{"line":4,"column":30}},"loc":{"start":{"line":4,"column":33},"end":{"line":11,"column":1}},"line":4}},"branchMap":{},"s":{"0":1,"1":1},"f":{"0":1},"b":{},"_coverageSchema":"1a1c01bbd47fc00a2c39e90264f33305004495a9","hash":"afbea93f4c477c0625cf5f7e142a3b0d4f3ffe0e"}
,"C:\\Users\\Omistaja\\Documents\\oma\\Coding\\projects\\repeat\\src\\screens\\ChosenHabit.js": {"path":"C:\\Users\\Omistaja\\Documents\\oma\\Coding\\projects\\repeat\\src\\screens\\ChosenHabit.js","statementMap":{"0":{"start":{"line":8,"column":22},"end":{"line":8,"column":65}},"1":{"start":{"line":11,"column":28},"end":{"line":11,"column":39}},"2":{"start":{"line":12,"column":18},"end":{"line":12,"column":45}},"3":{"start":{"line":13,"column":17},"end":{"line":13,"column":43}},"4":{"start":{"line":14,"column":23},"end":{"line":14,"column":49}},"5":{"start":{"line":15,"column":21},"end":{"line":15,"column":25}},"6":{"start":{"line":16,"column":16},"end":{"line":16,"column":19}},"7":{"start":{"line":17,"column":21},"end":{"line":17,"column":58}},"8":{"start":{"line":18,"column":21},"end":{"line":18,"column":29}},"9":{"start":{"line":19,"column":22},"end":{"line":19,"column":48}},"10":{"start":{"line":21,"column":22},"end":{"line":29,"column":7}},"11":{"start":{"line":22,"column":8},"end":{"line":28,"column":19}},"12":{"start":{"line":31,"column":4},"end":{"line":40,"column":13}},"13":{"start":{"line":32,"column":8},"end":{"line":32,"column":30}},"14":{"start":{"line":33,"column":8},"end":{"line":39,"column":10}},"15":{"start":{"line":34,"column":12},"end":{"line":38,"column":13}},"16":{"start":{"line":35,"column":16},"end":{"line":37,"column":19}},"17":{"start":{"line":42,"column":4},"end":{"line":79,"column":5}},"18":{"start":{"line":82,"column":15},"end":{"line":124,"column":2}}},"fnMap":{"0":{"name":"ChosenHabit","decl":{"start":{"line":10,"column":24},"end":{"line":10,"column":35}},"loc":{"start":{"line":10,"column":66},"end":{"line":80,"column":1}},"line":10},"1":{"name":"(anonymous_1)","decl":{"start":{"line":21,"column":22},"end":{"line":21,"column":23}},"loc":{"start":{"line":21,"column":35},"end":{"line":29,"column":7}},"line":21},"2":{"name":"(anonymous_2)","decl":{"start":{"line":31,"column":14},"end":{"line":31,"column":15}},"loc":{"start":{"line":31,"column":20},"end":{"line":40,"column":5}},"line":31},"3":{"name":"(anonymous_3)","decl":{"start":{"line":33,"column":29},"end":{"line":33,"column":30}},"loc":{"start":{"line":33,"column":36},"end":{"line":39,"column":9}},"line":33}},"branchMap":{"0":{"loc":{"start":{"line":34,"column":12},"end":{"line":38,"column":13}},"type":"if","locations":[{"start":{"line":34,"column":12},"end":{"line":38,"column":13}},{"start":{},"end":{}}],"line":34},"1":{"loc":{"start":{"line":54,"column":21},"end":{"line":61,"column":59}},"type":"cond-expr","locations":[{"start":{"line":55,"column":20},"end":{"line":60,"column":22}},{"start":{"line":61,"column":20},"end":{"line":61,"column":59}}],"line":54},"2":{"loc":{"start":{"line":57,"column":30},"end":{"line":57,"column":58}},"type":"cond-expr","locations":[{"start":{"line":57,"column":46},"end":{"line":57,"column":47}},{"start":{"line":57,"column":49},"end":{"line":57,"column":58}}],"line":57},"3":{"loc":{"start":{"line":62,"column":21},"end":{"line":62,"column":97}},"type":"cond-expr","locations":[{"start":{"line":62,"column":37},"end":{"line":62,"column":90}},{"start":{"line":62,"column":93},"end":{"line":62,"column":97}}],"line":62}},"s":{"0":1,"1":0,"2":0,"3":0,"4":0,"5":0,"6":0,"7":0,"8":0,"9":0,"10":0,"11":0,"12":0,"13":0,"14":0,"15":0,"16":0,"17":0,"18":1},"f":{"0":0,"1":0,"2":0,"3":0},"b":{"0":[0,0],"1":[0,0],"2":[0,0],"3":[0,0]},"_coverageSchema":"1a1c01bbd47fc00a2c39e90264f33305004495a9","hash":"ec3113b84ed0a89f492cc115b6da9bb0c953c77e"}
,"C:\\Users\\Omistaja\\Documents\\oma\\Coding\\projects\\repeat\\src\\screens\\Home.js": {"path":"C:\\Users\\Omistaja\\Documents\\oma\\Coding\\projects\\repeat\\src\\screens\\Home.js","statementMap":{"0":{"start":{"line":18,"column":8},"end":{"line":18,"column":19}},"1":{"start":{"line":20,"column":24},"end":{"line":23,"column":5}},"2":{"start":{"line":21,"column":8},"end":{"line":21,"column":33}},"3":{"start":{"line":22,"column":8},"end":{"line":22,"column":25}},"4":{"start":{"line":26,"column":4},"end":{"line":47,"column":5}},"5":{"start":{"line":49,"column":15},"end":{"line":88,"column":2}}},"fnMap":{"0":{"name":"Home","decl":{"start":{"line":10,"column":24},"end":{"line":10,"column":28}},"loc":{"start":{"line":10,"column":59},"end":{"line":48,"column":1}},"line":10},"1":{"name":"(anonymous_1)","decl":{"start":{"line":20,"column":24},"end":{"line":20,"column":25}},"loc":{"start":{"line":20,"column":30},"end":{"line":23,"column":5}},"line":20}},"branchMap":{},"s":{"0":0,"1":0,"2":0,"3":0,"4":0,"5":1},"f":{"0":0,"1":0},"b":{},"_coverageSchema":"1a1c01bbd47fc00a2c39e90264f33305004495a9","hash":"3a0802ee1eb393524afcbbe07c93f8bbc6c2e1a5"}
}
